This is pdfTeX, Version 3.14159265-2.6-1.40.19 (TeX Live 2018/W32TeX) (preloaded format=pdflatex 2019.5.3)  23 NOV 2019 23:49
entering extended mode
 restricted \write18 enabled.
 %&-line parsing enabled.
**Pseudocode.tex
(./Pseudocode.tex
LaTeX2e <2018-04-01> patch level 2
Babel <3.18> and hyphenation patterns for 84 language(s) loaded.
(d:/LaTex/LaTeXInstallation/texmf-dist/tex/latex/base/article.cls
Document Class: article 2014/09/29 v1.4h Standard LaTeX document class
(d:/LaTex/LaTeXInstallation/texmf-dist/tex/latex/base/size10.clo
File: size10.clo 2014/09/29 v1.4h Standard LaTeX file (size option)
)
\c@part=\count80
\c@section=\count81
\c@subsection=\count82
\c@subsubsection=\count83
\c@paragraph=\count84
\c@subparagraph=\count85
\c@figure=\count86
\c@table=\count87
\abovecaptionskip=\skip41
\belowcaptionskip=\skip42
\bibindent=\dimen102
)
(d:/LaTex/LaTeXInstallation/texmf-dist/tex/generic/babel/babel.sty
Package: babel 2018/02/14 3.18 The Babel package

(d:/LaTex/LaTeXInstallation/texmf-dist/tex/generic/babel/switch.def
File: switch.def 2018/02/14 3.18 Babel switching mechanism
)
(d:/LaTex/LaTeXInstallation/texmf-dist/tex/generic/babel-english/english.ldf
Language: english 2017/06/06 v3.3r English support from the babel system

(d:/LaTex/LaTeXInstallation/texmf-dist/tex/generic/babel/babel.def
File: babel.def 2018/02/14 3.18 Babel common definitions
\babel@savecnt=\count88
\U@D=\dimen103

(d:/LaTex/LaTeXInstallation/texmf-dist/tex/generic/babel/txtbabel.def)
\bbl@dirlevel=\count89
)
\l@canadian = a dialect from \language\l@american 
\l@australian = a dialect from \language\l@british 
\l@newzealand = a dialect from \language\l@british 
))
(d:/LaTex/LaTeXInstallation/texmf-dist/tex/latex/algorithms/algorithm.sty
Package: algorithm 2009/08/24 v0.1 Document Style `algorithm' - floating enviro
nment

(d:/LaTex/LaTeXInstallation/texmf-dist/tex/latex/float/float.sty
Package: float 2001/11/08 v1.3d Float enhancements (AL)
\c@float@type=\count90
\float@exts=\toks14
\float@box=\box26
\@float@everytoks=\toks15
\@floatcapt=\box27
)
(d:/LaTex/LaTeXInstallation/texmf-dist/tex/latex/base/ifthen.sty
Package: ifthen 2014/09/29 v1.1c Standard LaTeX ifthen package (DPC)
)
\@float@every@algorithm=\toks16
\c@algorithm=\count91
)
(d:/LaTex/LaTeXInstallation/texmf-dist/tex/latex/algorithmicx/algorithmicx.sty
Package: algorithmicx 2005/04/27 v1.2 Algorithmicx

Document Style algorithmicx 1.2 - a greatly improved `algorithmic' style
\c@ALG@line=\count92
\c@ALG@rem=\count93
\c@ALG@nested=\count94
\ALG@tlm=\skip43
\ALG@thistlm=\skip44
\c@ALG@Lnr=\count95
\c@ALG@blocknr=\count96
\c@ALG@storecount=\count97
\c@ALG@tmpcounter=\count98
\ALG@tmplength=\skip45
)
(d:/LaTex/LaTeXInstallation/texmf-dist/tex/latex/algorithmicx/algpseudocode.sty
Package: algpseudocode 
Document Style - pseudocode environments for use with the `algorithmicx' style
) (./Pseudocode.aux)
\openout1 = `Pseudocode.aux'.

LaTeX Font Info:    Checking defaults for OML/cmm/m/it on input line 9.
LaTeX Font Info:    ... okay on input line 9.
LaTeX Font Info:    Checking defaults for T1/cmr/m/n on input line 9.
LaTeX Font Info:    ... okay on input line 9.
LaTeX Font Info:    Checking defaults for OT1/cmr/m/n on input line 9.
LaTeX Font Info:    ... okay on input line 9.
LaTeX Font Info:    Checking defaults for OMS/cmsy/m/n on input line 9.
LaTeX Font Info:    ... okay on input line 9.
LaTeX Font Info:    Checking defaults for OMX/cmex/m/n on input line 9.
LaTeX Font Info:    ... okay on input line 9.
LaTeX Font Info:    Checking defaults for U/cmr/m/n on input line 9.
LaTeX Font Info:    ... okay on input line 9.
LaTeX Font Info:    External font `cmex10' loaded for size
(Font)              <7> on input line 15.
LaTeX Font Info:    External font `cmex10' loaded for size
(Font)              <5> on input line 15.

Overfull \hbox (14.77368pt too wide) in paragraph at lines 86--87
[] $\OML/cmm/m/it/10 value \OMS/cmsy/m/n/10   \OML/cmm/m/it/10 max\OT1/cmr/m/n/
10 (\OML/cmm/m/it/10 value; miniMax\OT1/cmr/m/n/10 (\OML/cmm/m/it/10 depth; pla
yer; false; alpha; beta\OT1/cmr/m/n/10 ))$ 
 []


Overfull \hbox (8.21884pt too wide) in paragraph at lines 119--120
[] $\OML/cmm/m/it/10 value \OMS/cmsy/m/n/10   \OML/cmm/m/it/10 min\OT1/cmr/m/n/
10 (\OML/cmm/m/it/10 value; miniMax\OT1/cmr/m/n/10 (\OML/cmm/m/it/10 depth; pla
yer; true; alpha; beta\OT1/cmr/m/n/10 ))$ 
 []


LaTeX Warning: Float too large for page by 55.93329pt on input line 140.

[1

{d:/LaTex/LaTeXInstallation/texmf-var/fonts/map/pdftex/updmap/pdftex.map}]
[2] (./Pseudocode.aux) ) 
Here is how much of TeX's memory you used:
 1370 strings out of 492649
 18609 string characters out of 6128182
 100225 words of memory out of 5000000
 5300 multiletter control sequences out of 15000+600000
 4417 words of font info for 17 fonts, out of 8000000 for 9000
 1141 hyphenation exceptions out of 8191
 23i,4n,23p,227b,296s stack positions out of 5000i,500n,10000p,200000b,80000s
<d:/LaTex/LaTeXInstallation/texmf-dist/fonts/type1/publ
ic/amsfonts/cm/cmbx10.pfb><d:/LaTex/LaTeXInstallation/texmf-dist/fonts/type1/pu
blic/amsfonts/cm/cmcsc10.pfb><d:/LaTex/LaTeXInstallation/texmf-dist/fonts/type1
/public/amsfonts/cm/cmmi10.pfb><d:/LaTex/LaTeXInstallation/texmf-dist/fonts/typ
e1/public/amsfonts/cm/cmr10.pfb><d:/LaTex/LaTeXInstallation/texmf-dist/fonts/ty
pe1/public/amsfonts/cm/cmsy10.pfb><d:/LaTex/LaTeXInstallation/texmf-dist/fonts/
type1/public/amsfonts/cm/cmtt10.pfb>
Output written on Pseudocode.pdf (2 pages, 80482 bytes).
PDF statistics:
 35 PDF objects out of 1000 (max. 8388607)
 24 compressed objects within 1 object stream
 0 named destinations out of 1000 (max. 500000)
 1 words of extra memory for PDF output out of 10000 (max. 10000000)

